<?xml version="1.0" encoding="UTF-8"?>
<testng-results ignored="0" total="1" passed="0" failed="0" skipped="1">
  <reporter-output>
  </reporter-output>
  <suite started-at="2020-10-14T20:52:00 EDT" name="Default suite" finished-at="2020-10-14T20:52:17 EDT" duration-ms="16921">
    <groups>
    </groups>
    <test started-at="2020-10-14T20:52:00 EDT" name="Default test" finished-at="2020-10-14T20:52:17 EDT" duration-ms="16921">
      <class name="demo1.ScreenShot">
        <test-method is-config="true" signature="openApplication()[pri:0, instance:demo1.ScreenShot@7a52f2a2]" started-at="2020-10-14T20:52:00 EDT" name="openApplication" finished-at="2020-10-14T20:52:17 EDT" duration-ms="16734" status="FAIL">
          <exception class="org.openqa.selenium.SessionNotCreatedException">
            <message>
              <![CDATA[session not created
from chrome not reachable
  (Session info: chrome=86.0.4240.75)
Build info: version: '3.141.59', revision: 'e82be7d358', time: '2018-11-14T08:25:48'
System info: host: 'TOR_IT_22', ip: '192.168.2.29', os.name: 'Windows 10', os.arch: 'amd64', os.version: '10.0', java.version: '15'
Driver info: driver.version: ChromeDriver
remote stacktrace: Backtrace:
Ordinal0 [0x0101C013+3194899]
Ordinal0 [0x00F06021+2056225]
Ordinal0 [0x00D9F4B0+586928]
Ordinal0 [0x00D95894+546964]
Ordinal0 [0x00D95F2C+548652]
Ordinal0 [0x00D97175+553333]
Ordinal0 [0x00D9241E+533534]
Ordinal0 [0x00DA0620+591392]
Ordinal0 [0x00D42A0C+207372]
Ordinal0 [0x00D41D0D+204045]
Ordinal0 [0x00D3FC1B+195611]
Ordinal0 [0x00D23B7F+80767]
Ordinal0 [0x00D24B4E+84814]
Ordinal0 [0x00D24AD9+84697]
Ordinal0 [0x00F1CE64+2149988]
GetHandleVerifier [0x0118BE95+1400773]
GetHandleVerifier [0x0118BB61+1399953]
GetHandleVerifier [0x011931FA+1430314]
GetHandleVerifier [0x0118C69F+1402831]
Ordinal0 [0x00F13D61+2112865]
Ordinal0 [0x00F1E5CB+2155979]
Ordinal0 [0x00F1E6F5+2156277]
Ordinal0 [0x00F2F26E+2224750]
BaseThreadInitThunk [0x7687F989+25]
RtlGetAppContainerNamedObjectPath [0x76F974B4+228]
RtlGetAppContainerNamedObjectPath [0x76F97484+180]
]]>
            </message>
            <full-stacktrace>
              <![CDATA[org.openqa.selenium.SessionNotCreatedException: session not created
from chrome not reachable
  (Session info: chrome=86.0.4240.75)
Build info: version: '3.141.59', revision: 'e82be7d358', time: '2018-11-14T08:25:48'
System info: host: 'TOR_IT_22', ip: '192.168.2.29', os.name: 'Windows 10', os.arch: 'amd64', os.version: '10.0', java.version: '15'
Driver info: driver.version: ChromeDriver
remote stacktrace: Backtrace:
Ordinal0 [0x0101C013+3194899]
Ordinal0 [0x00F06021+2056225]
Ordinal0 [0x00D9F4B0+586928]
Ordinal0 [0x00D95894+546964]
Ordinal0 [0x00D95F2C+548652]
Ordinal0 [0x00D97175+553333]
Ordinal0 [0x00D9241E+533534]
Ordinal0 [0x00DA0620+591392]
Ordinal0 [0x00D42A0C+207372]
Ordinal0 [0x00D41D0D+204045]
Ordinal0 [0x00D3FC1B+195611]
Ordinal0 [0x00D23B7F+80767]
Ordinal0 [0x00D24B4E+84814]
Ordinal0 [0x00D24AD9+84697]
Ordinal0 [0x00F1CE64+2149988]
GetHandleVerifier [0x0118BE95+1400773]
GetHandleVerifier [0x0118BB61+1399953]
GetHandleVerifier [0x011931FA+1430314]
GetHandleVerifier [0x0118C69F+1402831]
Ordinal0 [0x00F13D61+2112865]
Ordinal0 [0x00F1E5CB+2155979]
Ordinal0 [0x00F1E6F5+2156277]
Ordinal0 [0x00F2F26E+2224750]
BaseThreadInitThunk [0x7687F989+25]
RtlGetAppContainerNamedObjectPath [0x76F974B4+228]
RtlGetAppContainerNamedObjectPath [0x76F97484+180]

at java.base/jdk.internal.reflect.NativeConstructorAccessorImpl.newInstance0(Native Method)
at java.base/jdk.internal.reflect.NativeConstructorAccessorImpl.newInstance(NativeConstructorAccessorImpl.java:64)
at java.base/jdk.internal.reflect.DelegatingConstructorAccessorImpl.newInstance(DelegatingConstructorAccessorImpl.java:45)
at java.base/java.lang.reflect.Constructor.newInstanceWithCaller(Constructor.java:500)
at java.base/java.lang.reflect.Constructor.newInstance(Constructor.java:481)
at org.openqa.selenium.remote.W3CHandshakeResponse.lambda$errorHandler$0(W3CHandshakeResponse.java:62)
at org.openqa.selenium.remote.HandshakeResponse.lambda$getResponseFunction$0(HandshakeResponse.java:30)
at org.openqa.selenium.remote.ProtocolHandshake.lambda$createSession$0(ProtocolHandshake.java:126)
at java.base/java.util.stream.ReferencePipeline$3$1.accept(ReferencePipeline.java:195)
at java.base/java.util.Spliterators$ArraySpliterator.tryAdvance(Spliterators.java:958)
at java.base/java.util.stream.ReferencePipeline.forEachWithCancel(ReferencePipeline.java:127)
at java.base/java.util.stream.AbstractPipeline.copyIntoWithCancel(AbstractPipeline.java:502)
at java.base/java.util.stream.AbstractPipeline.copyInto(AbstractPipeline.java:488)
at java.base/java.util.stream.AbstractPipeline.wrapAndCopyInto(AbstractPipeline.java:474)
at java.base/java.util.stream.FindOps$FindOp.evaluateSequential(FindOps.java:150)
at java.base/java.util.stream.AbstractPipeline.evaluate(AbstractPipeline.java:234)
at java.base/java.util.stream.ReferencePipeline.findFirst(ReferencePipeline.java:543)
at org.openqa.selenium.remote.ProtocolHandshake.createSession(ProtocolHandshake.java:128)
at org.openqa.selenium.remote.ProtocolHandshake.createSession(ProtocolHandshake.java:74)
at org.openqa.selenium.remote.HttpCommandExecutor.execute(HttpCommandExecutor.java:136)
at org.openqa.selenium.remote.service.DriverCommandExecutor.execute(DriverCommandExecutor.java:83)
at org.openqa.selenium.remote.RemoteWebDriver.execute(RemoteWebDriver.java:552)
at org.openqa.selenium.remote.RemoteWebDriver.startSession(RemoteWebDriver.java:213)
at org.openqa.selenium.remote.RemoteWebDriver.<init>(RemoteWebDriver.java:131)
at org.openqa.selenium.chrome.ChromeDriver.<init>(ChromeDriver.java:181)
at org.openqa.selenium.chrome.ChromeDriver.<init>(ChromeDriver.java:168)
at org.openqa.selenium.chrome.ChromeDriver.<init>(ChromeDriver.java:123)
at demo1.ScreenShot.openApplication(ScreenShot.java:25)
at java.base/jdk.internal.reflect.NativeMethodAccessorImpl.invoke0(Native Method)
at java.base/jdk.internal.reflect.NativeMethodAccessorImpl.invoke(NativeMethodAccessorImpl.java:64)
at java.base/jdk.internal.reflect.DelegatingMethodAccessorImpl.invoke(DelegatingMethodAccessorImpl.java:43)
at java.base/java.lang.reflect.Method.invoke(Method.java:564)
at org.testng.internal.MethodInvocationHelper.invokeMethod(MethodInvocationHelper.java:133)
at org.testng.internal.MethodInvocationHelper.invokeMethodConsideringTimeout(MethodInvocationHelper.java:62)
at org.testng.internal.ConfigInvoker.invokeConfigurationMethod(ConfigInvoker.java:340)
at org.testng.internal.ConfigInvoker.invokeConfigurations(ConfigInvoker.java:294)
at org.testng.TestRunner.invokeTestConfigurations(TestRunner.java:623)
at org.testng.TestRunner.beforeRun(TestRunner.java:613)
at org.testng.TestRunner.run(TestRunner.java:584)
at org.testng.SuiteRunner.runTest(SuiteRunner.java:402)
at org.testng.SuiteRunner.runSequentially(SuiteRunner.java:396)
at org.testng.SuiteRunner.privateRun(SuiteRunner.java:355)
at org.testng.SuiteRunner.run(SuiteRunner.java:304)
at org.testng.SuiteRunnerWorker.runSuite(SuiteRunnerWorker.java:53)
at org.testng.SuiteRunnerWorker.run(SuiteRunnerWorker.java:96)
at org.testng.TestNG.runSuitesSequentially(TestNG.java:1180)
at org.testng.TestNG.runSuitesLocally(TestNG.java:1102)
at org.testng.TestNG.runSuites(TestNG.java:1032)
at org.testng.TestNG.run(TestNG.java:1000)
at org.testng.remote.AbstractRemoteTestNG.run(AbstractRemoteTestNG.java:115)
at org.testng.remote.RemoteTestNG.initAndRun(RemoteTestNG.java:251)
at org.testng.remote.RemoteTestNG.main(RemoteTestNG.java:77)
]]>
            </full-stacktrace>
          </exception> <!-- org.openqa.selenium.SessionNotCreatedException -->
          <reporter-output>
          </reporter-output>
        </test-method> <!-- openApplication -->
        <test-method signature="verifyFundTransfer()[pri:0, instance:demo1.ScreenShot@7a52f2a2]" started-at="2020-10-14T20:52:17 EDT" name="verifyFundTransfer" finished-at="2020-10-14T20:52:17 EDT" duration-ms="0" status="SKIP">
          <exception class="org.openqa.selenium.SessionNotCreatedException">
            <message>
              <![CDATA[session not created
from chrome not reachable
  (Session info: chrome=86.0.4240.75)
Build info: version: '3.141.59', revision: 'e82be7d358', time: '2018-11-14T08:25:48'
System info: host: 'TOR_IT_22', ip: '192.168.2.29', os.name: 'Windows 10', os.arch: 'amd64', os.version: '10.0', java.version: '15'
Driver info: driver.version: ChromeDriver
remote stacktrace: Backtrace:
Ordinal0 [0x0101C013+3194899]
Ordinal0 [0x00F06021+2056225]
Ordinal0 [0x00D9F4B0+586928]
Ordinal0 [0x00D95894+546964]
Ordinal0 [0x00D95F2C+548652]
Ordinal0 [0x00D97175+553333]
Ordinal0 [0x00D9241E+533534]
Ordinal0 [0x00DA0620+591392]
Ordinal0 [0x00D42A0C+207372]
Ordinal0 [0x00D41D0D+204045]
Ordinal0 [0x00D3FC1B+195611]
Ordinal0 [0x00D23B7F+80767]
Ordinal0 [0x00D24B4E+84814]
Ordinal0 [0x00D24AD9+84697]
Ordinal0 [0x00F1CE64+2149988]
GetHandleVerifier [0x0118BE95+1400773]
GetHandleVerifier [0x0118BB61+1399953]
GetHandleVerifier [0x011931FA+1430314]
GetHandleVerifier [0x0118C69F+1402831]
Ordinal0 [0x00F13D61+2112865]
Ordinal0 [0x00F1E5CB+2155979]
Ordinal0 [0x00F1E6F5+2156277]
Ordinal0 [0x00F2F26E+2224750]
BaseThreadInitThunk [0x7687F989+25]
RtlGetAppContainerNamedObjectPath [0x76F974B4+228]
RtlGetAppContainerNamedObjectPath [0x76F97484+180]
]]>
            </message>
            <full-stacktrace>
              <![CDATA[org.openqa.selenium.SessionNotCreatedException: session not created
from chrome not reachable
  (Session info: chrome=86.0.4240.75)
Build info: version: '3.141.59', revision: 'e82be7d358', time: '2018-11-14T08:25:48'
System info: host: 'TOR_IT_22', ip: '192.168.2.29', os.name: 'Windows 10', os.arch: 'amd64', os.version: '10.0', java.version: '15'
Driver info: driver.version: ChromeDriver
remote stacktrace: Backtrace:
Ordinal0 [0x0101C013+3194899]
Ordinal0 [0x00F06021+2056225]
Ordinal0 [0x00D9F4B0+586928]
Ordinal0 [0x00D95894+546964]
Ordinal0 [0x00D95F2C+548652]
Ordinal0 [0x00D97175+553333]
Ordinal0 [0x00D9241E+533534]
Ordinal0 [0x00DA0620+591392]
Ordinal0 [0x00D42A0C+207372]
Ordinal0 [0x00D41D0D+204045]
Ordinal0 [0x00D3FC1B+195611]
Ordinal0 [0x00D23B7F+80767]
Ordinal0 [0x00D24B4E+84814]
Ordinal0 [0x00D24AD9+84697]
Ordinal0 [0x00F1CE64+2149988]
GetHandleVerifier [0x0118BE95+1400773]
GetHandleVerifier [0x0118BB61+1399953]
GetHandleVerifier [0x011931FA+1430314]
GetHandleVerifier [0x0118C69F+1402831]
Ordinal0 [0x00F13D61+2112865]
Ordinal0 [0x00F1E5CB+2155979]
Ordinal0 [0x00F1E6F5+2156277]
Ordinal0 [0x00F2F26E+2224750]
BaseThreadInitThunk [0x7687F989+25]
RtlGetAppContainerNamedObjectPath [0x76F974B4+228]
RtlGetAppContainerNamedObjectPath [0x76F97484+180]

at java.base/jdk.internal.reflect.NativeConstructorAccessorImpl.newInstance0(Native Method)
at java.base/jdk.internal.reflect.NativeConstructorAccessorImpl.newInstance(NativeConstructorAccessorImpl.java:64)
at java.base/jdk.internal.reflect.DelegatingConstructorAccessorImpl.newInstance(DelegatingConstructorAccessorImpl.java:45)
at java.base/java.lang.reflect.Constructor.newInstanceWithCaller(Constructor.java:500)
at java.base/java.lang.reflect.Constructor.newInstance(Constructor.java:481)
at org.openqa.selenium.remote.W3CHandshakeResponse.lambda$errorHandler$0(W3CHandshakeResponse.java:62)
at org.openqa.selenium.remote.HandshakeResponse.lambda$getResponseFunction$0(HandshakeResponse.java:30)
at org.openqa.selenium.remote.ProtocolHandshake.lambda$createSession$0(ProtocolHandshake.java:126)
at java.base/java.util.stream.ReferencePipeline$3$1.accept(ReferencePipeline.java:195)
at java.base/java.util.Spliterators$ArraySpliterator.tryAdvance(Spliterators.java:958)
at java.base/java.util.stream.ReferencePipeline.forEachWithCancel(ReferencePipeline.java:127)
at java.base/java.util.stream.AbstractPipeline.copyIntoWithCancel(AbstractPipeline.java:502)
at java.base/java.util.stream.AbstractPipeline.copyInto(AbstractPipeline.java:488)
at java.base/java.util.stream.AbstractPipeline.wrapAndCopyInto(AbstractPipeline.java:474)
at java.base/java.util.stream.FindOps$FindOp.evaluateSequential(FindOps.java:150)
at java.base/java.util.stream.AbstractPipeline.evaluate(AbstractPipeline.java:234)
at java.base/java.util.stream.ReferencePipeline.findFirst(ReferencePipeline.java:543)
at org.openqa.selenium.remote.ProtocolHandshake.createSession(ProtocolHandshake.java:128)
at org.openqa.selenium.remote.ProtocolHandshake.createSession(ProtocolHandshake.java:74)
at org.openqa.selenium.remote.HttpCommandExecutor.execute(HttpCommandExecutor.java:136)
at org.openqa.selenium.remote.service.DriverCommandExecutor.execute(DriverCommandExecutor.java:83)
at org.openqa.selenium.remote.RemoteWebDriver.execute(RemoteWebDriver.java:552)
at org.openqa.selenium.remote.RemoteWebDriver.startSession(RemoteWebDriver.java:213)
at org.openqa.selenium.remote.RemoteWebDriver.<init>(RemoteWebDriver.java:131)
at org.openqa.selenium.chrome.ChromeDriver.<init>(ChromeDriver.java:181)
at org.openqa.selenium.chrome.ChromeDriver.<init>(ChromeDriver.java:168)
at org.openqa.selenium.chrome.ChromeDriver.<init>(ChromeDriver.java:123)
at demo1.ScreenShot.openApplication(ScreenShot.java:25)
at java.base/jdk.internal.reflect.NativeMethodAccessorImpl.invoke0(Native Method)
at java.base/jdk.internal.reflect.NativeMethodAccessorImpl.invoke(NativeMethodAccessorImpl.java:64)
at java.base/jdk.internal.reflect.DelegatingMethodAccessorImpl.invoke(DelegatingMethodAccessorImpl.java:43)
at java.base/java.lang.reflect.Method.invoke(Method.java:564)
at org.testng.internal.MethodInvocationHelper.invokeMethod(MethodInvocationHelper.java:133)
at org.testng.internal.MethodInvocationHelper.invokeMethodConsideringTimeout(MethodInvocationHelper.java:62)
at org.testng.internal.ConfigInvoker.invokeConfigurationMethod(ConfigInvoker.java:340)
at org.testng.internal.ConfigInvoker.invokeConfigurations(ConfigInvoker.java:294)
at org.testng.TestRunner.invokeTestConfigurations(TestRunner.java:623)
at org.testng.TestRunner.beforeRun(TestRunner.java:613)
at org.testng.TestRunner.run(TestRunner.java:584)
at org.testng.SuiteRunner.runTest(SuiteRunner.java:402)
at org.testng.SuiteRunner.runSequentially(SuiteRunner.java:396)
at org.testng.SuiteRunner.privateRun(SuiteRunner.java:355)
at org.testng.SuiteRunner.run(SuiteRunner.java:304)
at org.testng.SuiteRunnerWorker.runSuite(SuiteRunnerWorker.java:53)
at org.testng.SuiteRunnerWorker.run(SuiteRunnerWorker.java:96)
at org.testng.TestNG.runSuitesSequentially(TestNG.java:1180)
at org.testng.TestNG.runSuitesLocally(TestNG.java:1102)
at org.testng.TestNG.runSuites(TestNG.java:1032)
at org.testng.TestNG.run(TestNG.java:1000)
at org.testng.remote.AbstractRemoteTestNG.run(AbstractRemoteTestNG.java:115)
at org.testng.remote.RemoteTestNG.initAndRun(RemoteTestNG.java:251)
at org.testng.remote.RemoteTestNG.main(RemoteTestNG.java:77)
]]>
            </full-stacktrace>
          </exception> <!-- org.openqa.selenium.SessionNotCreatedException -->
          <reporter-output>
          </reporter-output>
        </test-method> <!-- verifyFundTransfer -->
        <test-method is-config="true" signature="closeApplication()[pri:0, instance:demo1.ScreenShot@7a52f2a2]" started-at="2020-10-14T20:52:17 EDT" name="closeApplication" finished-at="1969-12-31T19:00:00 EST" duration-ms="-1602723137508" status="SKIP">
          <reporter-output>
          </reporter-output>
        </test-method> <!-- closeApplication -->
      </class> <!-- demo1.ScreenShot -->
    </test> <!-- Default test -->
  </suite> <!-- Default suite -->
</testng-results>
